Analysis & Synthesis report for experiments
Wed Dec 20 18:26:08 2023
Quartus Prime Version 22.1std.2 Build 922 07/20/2023 SC Lite Edition


---------------------
; Table of Contents ;
---------------------
  1. Legal Notice
  2. Analysis & Synthesis Summary
  3. Analysis & Synthesis Settings
  4. Parallel Compilation
  5. Analysis & Synthesis Source Files Read
  6. Analysis & Synthesis Resource Usage Summary
  7. Analysis & Synthesis Resource Utilization by Entity
  8. Registers Removed During Synthesis
  9. General Register Statistics
 10. Inverted Register Statistics
 11. Parameter Settings for User Entity Instance: pulse_generator:slow_clock
 12. Parameter Settings for User Entity Instance: pulse_generator:display_clock
 13. Post-Synthesis Netlist Statistics for Top Partition
 14. Elapsed Time Per Partition
 15. Analysis & Synthesis Messages



----------------
; Legal Notice ;
----------------
Copyright (C) 2023  Intel Corporation. All rights reserved.
Your use of Intel Corporation's design tools, logic functions 
and other software and tools, and any partner logic 
functions, and any output files from any of the foregoing 
(including device programming or simulation files), and any 
associated documentation or information are expressly subject 
to the terms and conditions of the Intel Program License 
Subscription Agreement, the Intel Quartus Prime License Agreement,
the Intel FPGA IP License Agreement, or other applicable license
agreement, including, without limitation, that your use is for
the sole purpose of programming logic devices manufactured by
Intel and sold by Intel or its authorized distributors.  Please
refer to the applicable agreement for further details, at
https://fpgasoftware.intel.com/eula.



+-------------------------------------------------------------------------------------+
; Analysis & Synthesis Summary                                                        ;
+------------------------------------+------------------------------------------------+
; Analysis & Synthesis Status        ; Successful - Wed Dec 20 18:26:08 2023          ;
; Quartus Prime Version              ; 22.1std.2 Build 922 07/20/2023 SC Lite Edition ;
; Revision Name                      ; experiments                                    ;
; Top-level Entity Name              ; experiments                                    ;
; Family                             ; Cyclone IV E                                   ;
; Total logic elements               ; 159                                            ;
;     Total combinational functions  ; 152                                            ;
;     Dedicated logic registers      ; 50                                             ;
; Total registers                    ; 50                                             ;
; Total pins                         ; 15                                             ;
; Total virtual pins                 ; 0                                              ;
; Total memory bits                  ; 0                                              ;
; Embedded Multiplier 9-bit elements ; 0                                              ;
; Total PLLs                         ; 0                                              ;
+------------------------------------+------------------------------------------------+


+------------------------------------------------------------------------------------------------------------+
; Analysis & Synthesis Settings                                                                              ;
+------------------------------------------------------------------+--------------------+--------------------+
; Option                                                           ; Setting            ; Default Value      ;
+------------------------------------------------------------------+--------------------+--------------------+
; Device                                                           ; EP4CE6E22C8        ;                    ;
; Top-level entity name                                            ; experiments        ; experiments        ;
; Family name                                                      ; Cyclone IV E       ; Cyclone V          ;
; Maximum processors allowed for parallel compilation              ; 6                  ;                    ;
; Use smart compilation                                            ; Off                ; Off                ;
; Enable parallel Assembler and Timing Analyzer during compilation ; On                 ; On                 ;
; Enable compact report table                                      ; Off                ; Off                ;
; Restructure Multiplexers                                         ; Auto               ; Auto               ;
; Create Debugging Nodes for IP Cores                              ; Off                ; Off                ;
; Preserve fewer node names                                        ; On                 ; On                 ;
; Intel FPGA IP Evaluation Mode                                    ; Enable             ; Enable             ;
; Verilog Version                                                  ; Verilog_2001       ; Verilog_2001       ;
; VHDL Version                                                     ; VHDL_1993          ; VHDL_1993          ;
; State Machine Processing                                         ; Auto               ; Auto               ;
; Safe State Machine                                               ; Off                ; Off                ;
; Extract Verilog State Machines                                   ; On                 ; On                 ;
; Extract VHDL State Machines                                      ; On                 ; On                 ;
; Ignore Verilog initial constructs                                ; Off                ; Off                ;
; Iteration limit for constant Verilog loops                       ; 5000               ; 5000               ;
; Iteration limit for non-constant Verilog loops                   ; 250                ; 250                ;
; Add Pass-Through Logic to Inferred RAMs                          ; On                 ; On                 ;
; Infer RAMs from Raw Logic                                        ; On                 ; On                 ;
; Parallel Synthesis                                               ; On                 ; On                 ;
; DSP Block Balancing                                              ; Auto               ; Auto               ;
; NOT Gate Push-Back                                               ; On                 ; On                 ;
; Power-Up Don't Care                                              ; On                 ; On                 ;
; Remove Redundant Logic Cells                                     ; Off                ; Off                ;
; Remove Duplicate Registers                                       ; On                 ; On                 ;
; Ignore CARRY Buffers                                             ; Off                ; Off                ;
; Ignore CASCADE Buffers                                           ; Off                ; Off                ;
; Ignore GLOBAL Buffers                                            ; Off                ; Off                ;
; Ignore ROW GLOBAL Buffers                                        ; Off                ; Off                ;
; Ignore LCELL Buffers                                             ; Off                ; Off                ;
; Ignore SOFT Buffers                                              ; On                 ; On                 ;
; Limit AHDL Integers to 32 Bits                                   ; Off                ; Off                ;
; Optimization Technique                                           ; Balanced           ; Balanced           ;
; Carry Chain Length                                               ; 70                 ; 70                 ;
; Auto Carry Chains                                                ; On                 ; On                 ;
; Auto Open-Drain Pins                                             ; On                 ; On                 ;
; Perform WYSIWYG Primitive Resynthesis                            ; Off                ; Off                ;
; Auto ROM Replacement                                             ; On                 ; On                 ;
; Auto RAM Replacement                                             ; On                 ; On                 ;
; Auto DSP Block Replacement                                       ; On                 ; On                 ;
; Auto Shift Register Replacement                                  ; Auto               ; Auto               ;
; Allow Shift Register Merging across Hierarchies                  ; Auto               ; Auto               ;
; Auto Clock Enable Replacement                                    ; On                 ; On                 ;
; Strict RAM Replacement                                           ; Off                ; Off                ;
; Allow Synchronous Control Signals                                ; On                 ; On                 ;
; Force Use of Synchronous Clear Signals                           ; Off                ; Off                ;
; Auto RAM Block Balancing                                         ; On                 ; On                 ;
; Auto RAM to Logic Cell Conversion                                ; Off                ; Off                ;
; Auto Resource Sharing                                            ; Off                ; Off                ;
; Allow Any RAM Size For Recognition                               ; Off                ; Off                ;
; Allow Any ROM Size For Recognition                               ; Off                ; Off                ;
; Allow Any Shift Register Size For Recognition                    ; Off                ; Off                ;
; Use LogicLock Constraints during Resource Balancing              ; On                 ; On                 ;
; Ignore translate_off and synthesis_off directives                ; Off                ; Off                ;
; Timing-Driven Synthesis                                          ; On                 ; On                 ;
; Report Parameter Settings                                        ; On                 ; On                 ;
; Report Source Assignments                                        ; On                 ; On                 ;
; Report Connectivity Checks                                       ; On                 ; On                 ;
; Ignore Maximum Fan-Out Assignments                               ; Off                ; Off                ;
; Synchronization Register Chain Length                            ; 2                  ; 2                  ;
; Power Optimization During Synthesis                              ; Normal compilation ; Normal compilation ;
; HDL message level                                                ; Level2             ; Level2             ;
; Suppress Register Optimization Related Messages                  ; Off                ; Off                ;
; Number of Removed Registers Reported in Synthesis Report         ; 5000               ; 5000               ;
; Number of Swept Nodes Reported in Synthesis Report               ; 5000               ; 5000               ;
; Number of Inverted Registers Reported in Synthesis Report        ; 100                ; 100                ;
; Clock MUX Protection                                             ; On                 ; On                 ;
; Auto Gated Clock Conversion                                      ; Off                ; Off                ;
; Block Design Naming                                              ; Auto               ; Auto               ;
; SDC constraint protection                                        ; Off                ; Off                ;
; Synthesis Effort                                                 ; Auto               ; Auto               ;
; Shift Register Replacement - Allow Asynchronous Clear Signal     ; On                 ; On                 ;
; Pre-Mapping Resynthesis Optimization                             ; Off                ; Off                ;
; Analysis & Synthesis Message Level                               ; Medium             ; Medium             ;
; Disable Register Merging Across Hierarchies                      ; Auto               ; Auto               ;
; Resource Aware Inference For Block RAM                           ; On                 ; On                 ;
+------------------------------------------------------------------+--------------------+--------------------+


+------------------------------------------+
; Parallel Compilation                     ;
+----------------------------+-------------+
; Processors                 ; Number      ;
+----------------------------+-------------+
; Number detected on machine ; 6           ;
; Maximum allowed            ; 6           ;
;                            ;             ;
; Average used               ; 1.00        ;
; Maximum used               ; 6           ;
;                            ;             ;
; Usage by Processor         ; % Time Used ;
;     Processor 1            ; 100.0%      ;
;     Processor 2            ;   0.0%      ;
;     Processors 3-6         ;   0.0%      ;
+----------------------------+-------------+


+------------------------------------------------------------------------------------------------------------------------------------------------------+
; Analysis & Synthesis Source Files Read                                                                                                               ;
+----------------------------------+-----------------+-----------------+---------------------------------------------------------------------+---------+
; File Name with User-Entered Path ; Used in Netlist ; File Type       ; File Name with Absolute Path                                        ; Library ;
+----------------------------------+-----------------+-----------------+---------------------------------------------------------------------+---------+
; sizing.vhd                       ; yes             ; User VHDL File  ; /home/atom/Projects/FPGA/dev_board/sizing.vhd                       ;         ;
; experiments.vhd                  ; yes             ; User VHDL File  ; /home/atom/Projects/FPGA/dev_board/experiments.vhd                  ;         ;
; bcd_to_7seg.vhd                  ; yes             ; User VHDL File  ; /home/atom/Projects/FPGA/dev_board/bcd_to_7seg.vhd                  ;         ;
; bcd_tools.vhd                    ; yes             ; User VHDL File  ; /home/atom/Projects/FPGA/dev_board/bcd_tools.vhd                    ;         ;
; output_files/pulse_generator.vhd ; yes             ; User VHDL File  ; /home/atom/Projects/FPGA/dev_board/output_files/pulse_generator.vhd ;         ;
+----------------------------------+-----------------+-----------------+---------------------------------------------------------------------+---------+


+-------------------------------------------------------------+
; Analysis & Synthesis Resource Usage Summary                 ;
+---------------------------------------------+---------------+
; Resource                                    ; Usage         ;
+---------------------------------------------+---------------+
; Estimated Total logic elements              ; 159           ;
;                                             ;               ;
; Total combinational functions               ; 152           ;
; Logic element usage by number of LUT inputs ;               ;
;     -- 4 input functions                    ; 90            ;
;     -- 3 input functions                    ; 10            ;
;     -- <=2 input functions                  ; 52            ;
;                                             ;               ;
; Logic elements by mode                      ;               ;
;     -- normal mode                          ; 106           ;
;     -- arithmetic mode                      ; 46            ;
;                                             ;               ;
; Total registers                             ; 50            ;
;     -- Dedicated logic registers            ; 50            ;
;     -- I/O registers                        ; 0             ;
;                                             ;               ;
; I/O pins                                    ; 15            ;
;                                             ;               ;
; Embedded Multiplier 9-bit elements          ; 0             ;
;                                             ;               ;
; Maximum fan-out node                        ; i_clock~input ;
; Maximum fan-out                             ; 26            ;
; Total fan-out                               ; 613           ;
; Average fan-out                             ; 2.64          ;
+---------------------------------------------+---------------+


+---------------------------------------------------------------------------------------------------------------------------------------------------------------------------------------------------------------------------------------------+
; Analysis & Synthesis Resource Utilization by Entity                                                                                                                                                                                         ;
+------------------------------------+---------------------+---------------------------+-------------+--------------+---------+-----------+------+--------------+--------------------------------------------+-----------------+--------------+
; Compilation Hierarchy Node         ; Combinational ALUTs ; Dedicated Logic Registers ; Memory Bits ; DSP Elements ; DSP 9x9 ; DSP 18x18 ; Pins ; Virtual Pins ; Full Hierarchy Name                        ; Entity Name     ; Library Name ;
+------------------------------------+---------------------+---------------------------+-------------+--------------+---------+-----------+------+--------------+--------------------------------------------+-----------------+--------------+
; |experiments                       ; 152 (106)           ; 50 (24)                   ; 0           ; 0            ; 0       ; 0         ; 15   ; 0            ; |experiments                               ; experiments     ; work         ;
;    |bcd_to_7seg:bcd_coverter|      ; 7 (7)               ; 0 (0)                     ; 0           ; 0            ; 0       ; 0         ; 0    ; 0            ; |experiments|bcd_to_7seg:bcd_coverter      ; bcd_to_7seg     ; work         ;
;    |pulse_generator:display_clock| ; 16 (16)             ; 17 (17)                   ; 0           ; 0            ; 0       ; 0         ; 0    ; 0            ; |experiments|pulse_generator:display_clock ; pulse_generator ; work         ;
;    |pulse_generator:slow_clock|    ; 23 (23)             ; 9 (9)                     ; 0           ; 0            ; 0       ; 0         ; 0    ; 0            ; |experiments|pulse_generator:slow_clock    ; pulse_generator ; work         ;
+------------------------------------+---------------------+---------------------------+-------------+--------------+---------+-----------+------+--------------+--------------------------------------------+-----------------+--------------+
Note: For table entries with two numbers listed, the numbers in parentheses indicate the number of resources of the given type used by the specific entity alone. The numbers listed outside of parentheses indicate the total resources of the given type used by the specific entity and all of its sub-entities in the hierarchy.


+------------------------------------------------------------------------------------------------------------------+
; Registers Removed During Synthesis                                                                               ;
+-------------------------------------------------+----------------------------------------------------------------+
; Register name                                   ; Reason for Removal                                             ;
+-------------------------------------------------+----------------------------------------------------------------+
; pulse_generator:slow_clock|\slow_clock:scnt[0]  ; Merged with pulse_generator:display_clock|\slow_clock:scnt[0]  ;
; pulse_generator:slow_clock|\slow_clock:scnt[1]  ; Merged with pulse_generator:display_clock|\slow_clock:scnt[1]  ;
; pulse_generator:slow_clock|\slow_clock:scnt[2]  ; Merged with pulse_generator:display_clock|\slow_clock:scnt[2]  ;
; pulse_generator:slow_clock|\slow_clock:scnt[3]  ; Merged with pulse_generator:display_clock|\slow_clock:scnt[3]  ;
; pulse_generator:slow_clock|\slow_clock:scnt[4]  ; Merged with pulse_generator:display_clock|\slow_clock:scnt[4]  ;
; pulse_generator:slow_clock|\slow_clock:scnt[5]  ; Merged with pulse_generator:display_clock|\slow_clock:scnt[5]  ;
; pulse_generator:slow_clock|\slow_clock:scnt[6]  ; Merged with pulse_generator:display_clock|\slow_clock:scnt[6]  ;
; pulse_generator:slow_clock|\slow_clock:scnt[7]  ; Merged with pulse_generator:display_clock|\slow_clock:scnt[7]  ;
; pulse_generator:slow_clock|\slow_clock:scnt[8]  ; Merged with pulse_generator:display_clock|\slow_clock:scnt[8]  ;
; pulse_generator:slow_clock|\slow_clock:scnt[9]  ; Merged with pulse_generator:display_clock|\slow_clock:scnt[9]  ;
; pulse_generator:slow_clock|\slow_clock:scnt[10] ; Merged with pulse_generator:display_clock|\slow_clock:scnt[10] ;
; pulse_generator:slow_clock|\slow_clock:scnt[11] ; Merged with pulse_generator:display_clock|\slow_clock:scnt[11] ;
; pulse_generator:slow_clock|\slow_clock:scnt[12] ; Merged with pulse_generator:display_clock|\slow_clock:scnt[12] ;
; pulse_generator:slow_clock|\slow_clock:scnt[13] ; Merged with pulse_generator:display_clock|\slow_clock:scnt[13] ;
; pulse_generator:slow_clock|\slow_clock:scnt[14] ; Merged with pulse_generator:display_clock|\slow_clock:scnt[14] ;
; pulse_generator:slow_clock|\slow_clock:scnt[15] ; Merged with pulse_generator:display_clock|\slow_clock:scnt[15] ;
; Total Number of Removed Registers = 16          ;                                                                ;
+-------------------------------------------------+----------------------------------------------------------------+


+------------------------------------------------------+
; General Register Statistics                          ;
+----------------------------------------------+-------+
; Statistic                                    ; Value ;
+----------------------------------------------+-------+
; Total registers                              ; 50    ;
; Number of registers using Synchronous Clear  ; 0     ;
; Number of registers using Synchronous Load   ; 0     ;
; Number of registers using Asynchronous Clear ; 0     ;
; Number of registers using Asynchronous Load  ; 0     ;
; Number of registers using Clock Enable       ; 0     ;
; Number of registers using Preset             ; 0     ;
+----------------------------------------------+-------+


+--------------------------------------------------+
; Inverted Register Statistics                     ;
+----------------------------------------+---------+
; Inverted Register                      ; Fan out ;
+----------------------------------------+---------+
; o_digit_en[0]~reg0                     ; 1       ;
; o_digit_en[1]~reg0                     ; 1       ;
; o_digit_en[2]~reg0                     ; 1       ;
; o_digit_en[3]~reg0                     ; 1       ;
; \digit_selector:digit_counter[0]       ; 8       ;
; Total number of inverted registers = 5 ;         ;
+----------------------------------------+---------+


+-------------------------------------------------------------------------+
; Parameter Settings for User Entity Instance: pulse_generator:slow_clock ;
+----------------+-------+------------------------------------------------+
; Parameter Name ; Value ; Type                                           ;
+----------------+-------+------------------------------------------------+
; counter_size   ; 23    ; Signed Integer                                 ;
+----------------+-------+------------------------------------------------+
Note: In order to hide this table in the UI and the text report file, please set the "Show Parameter Settings in Synthesis Report" option in "Analysis and Synthesis Settings -> More Settings" to "Off".


+----------------------------------------------------------------------------+
; Parameter Settings for User Entity Instance: pulse_generator:display_clock ;
+----------------+-------+---------------------------------------------------+
; Parameter Name ; Value ; Type                                              ;
+----------------+-------+---------------------------------------------------+
; counter_size   ; 15    ; Signed Integer                                    ;
+----------------+-------+---------------------------------------------------+
Note: In order to hide this table in the UI and the text report file, please set the "Show Parameter Settings in Synthesis Report" option in "Analysis and Synthesis Settings -> More Settings" to "Off".


+-----------------------------------------------------+
; Post-Synthesis Netlist Statistics for Top Partition ;
+-----------------------+-----------------------------+
; Type                  ; Count                       ;
+-----------------------+-----------------------------+
; boundary_port         ; 15                          ;
; cycloneiii_ff         ; 50                          ;
;     plain             ; 50                          ;
; cycloneiii_lcell_comb ; 158                         ;
;     arith             ; 46                          ;
;         2 data inputs ; 43                          ;
;         3 data inputs ; 3                           ;
;     normal            ; 112                         ;
;         0 data inputs ; 1                           ;
;         1 data inputs ; 12                          ;
;         2 data inputs ; 2                           ;
;         3 data inputs ; 7                           ;
;         4 data inputs ; 90                          ;
;                       ;                             ;
; Max LUT depth         ; 12.00                       ;
; Average LUT depth     ; 5.77                        ;
+-----------------------+-----------------------------+


+-------------------------------+
; Elapsed Time Per Partition    ;
+----------------+--------------+
; Partition Name ; Elapsed Time ;
+----------------+--------------+
; Top            ; 00:00:01     ;
+----------------+--------------+


+-------------------------------+
; Analysis & Synthesis Messages ;
+-------------------------------+
Info: *******************************************************************
Info: Running Quartus Prime Analysis & Synthesis
    Info: Version 22.1std.2 Build 922 07/20/2023 SC Lite Edition
    Info: Processing started: Wed Dec 20 18:26:00 2023
Info: Command: quartus_map --read_settings_files=on --write_settings_files=off experiments -c experiments
Info (20032): Parallel compilation is enabled and will use up to 6 processors
Info (12021): Found 2 design units, including 0 entities, in source file sizing.vhd
    Info (12022): Found design unit 1: sizing File: /home/atom/Projects/FPGA/dev_board/sizing.vhd Line: 69
    Info (12022): Found design unit 2: sizing-body File: /home/atom/Projects/FPGA/dev_board/sizing.vhd Line: 194
Info (12021): Found 2 design units, including 1 entities, in source file experiments.vhd
    Info (12022): Found design unit 1: experiments-rtl File: /home/atom/Projects/FPGA/dev_board/experiments.vhd Line: 16
    Info (12023): Found entity 1: experiments File: /home/atom/Projects/FPGA/dev_board/experiments.vhd Line: 6
Info (12021): Found 2 design units, including 1 entities, in source file bcd_to_7seg.vhd
    Info (12022): Found design unit 1: bcd_to_7seg-converter File: /home/atom/Projects/FPGA/dev_board/bcd_to_7seg.vhd Line: 12
    Info (12023): Found entity 1: bcd_to_7seg File: /home/atom/Projects/FPGA/dev_board/bcd_to_7seg.vhd Line: 5
Info (12021): Found 2 design units, including 0 entities, in source file bcd_tools.vhd
    Info (12022): Found design unit 1: BCD_TOOLS File: /home/atom/Projects/FPGA/dev_board/bcd_tools.vhd Line: 5
    Info (12022): Found design unit 2: BCD_TOOLS-body File: /home/atom/Projects/FPGA/dev_board/bcd_tools.vhd Line: 12
Info (12021): Found 2 design units, including 1 entities, in source file output_files/pulse_generator.vhd
    Info (12022): Found design unit 1: pulse_generator-generator File: /home/atom/Projects/FPGA/dev_board/output_files/pulse_generator.vhd Line: 15
    Info (12023): Found entity 1: pulse_generator File: /home/atom/Projects/FPGA/dev_board/output_files/pulse_generator.vhd Line: 5
Info (12127): Elaborating entity "experiments" for the top level hierarchy
Info (12128): Elaborating entity "pulse_generator" for hierarchy "pulse_generator:slow_clock" File: /home/atom/Projects/FPGA/dev_board/experiments.vhd Line: 23
Info (12128): Elaborating entity "pulse_generator" for hierarchy "pulse_generator:display_clock" File: /home/atom/Projects/FPGA/dev_board/experiments.vhd Line: 32
Info (12128): Elaborating entity "bcd_to_7seg" for hierarchy "bcd_to_7seg:bcd_coverter" File: /home/atom/Projects/FPGA/dev_board/experiments.vhd Line: 41
Warning (13024): Output pins are stuck at VCC or GND
    Warning (13410): Pin "o_segments[7]" is stuck at VCC File: /home/atom/Projects/FPGA/dev_board/experiments.vhd Line: 11
Info (286030): Timing-Driven Synthesis is running
Info (16010): Generating hard_block partition "hard_block:auto_generated_inst"
    Info (16011): Adding 0 node(s), including 0 DDIO, 0 PLL, 0 transceiver and 0 LCELL
Warning (21074): Design contains 2 input pin(s) that do not drive logic
    Warning (15610): No output dependent on input pin "i_switch_1" File: /home/atom/Projects/FPGA/dev_board/experiments.vhd Line: 9
    Warning (15610): No output dependent on input pin "i_switch_2" File: /home/atom/Projects/FPGA/dev_board/experiments.vhd Line: 10
Info (21057): Implemented 174 device resources after synthesis - the final resource count might be different
    Info (21058): Implemented 3 input pins
    Info (21059): Implemented 12 output pins
    Info (21061): Implemented 159 logic cells
Info: Quartus Prime Analysis & Synthesis was successful. 0 errors, 5 warnings
    Info: Peak virtual memory: 458 megabytes
    Info: Processing ended: Wed Dec 20 18:26:08 2023
    Info: Elapsed time: 00:00:08
    Info: Total CPU time (on all processors): 00:00:13


