Flow report for experiments
Wed Dec 20 18:26:17 2023
Quartus Prime Version 22.1std.2 Build 922 07/20/2023 SC Lite Edition


---------------------
; Table of Contents ;
---------------------
  1. Legal Notice
  2. Flow Summary
  3. Flow Settings
  4. Flow Non-Default Global Settings
  5. Flow Elapsed Time
  6. Flow OS Summary
  7. Flow Log
  8. Flow Messages
  9. Flow Suppressed Messages



----------------
; Legal Notice ;
----------------
Copyright (C) 2023  Intel Corporation. All rights reserved.
Your use of Intel Corporation's design tools, logic functions 
and other software and tools, and any partner logic 
functions, and any output files from any of the foregoing 
(including device programming or simulation files), and any 
associated documentation or information are expressly subject 
to the terms and conditions of the Intel Program License 
Subscription Agreement, the Intel Quartus Prime License Agreement,
the Intel FPGA IP License Agreement, or other applicable license
agreement, including, without limitation, that your use is for
the sole purpose of programming logic devices manufactured by
Intel and sold by Intel or its authorized distributors.  Please
refer to the applicable agreement for further details, at
https://fpgasoftware.intel.com/eula.



+-------------------------------------------------------------------------------------+
; Flow Summary                                                                        ;
+------------------------------------+------------------------------------------------+
; Flow Status                        ; Successful - Wed Dec 20 18:26:17 2023          ;
; Quartus Prime Version              ; 22.1std.2 Build 922 07/20/2023 SC Lite Edition ;
; Revision Name                      ; experiments                                    ;
; Top-level Entity Name              ; experiments                                    ;
; Family                             ; Cyclone IV E                                   ;
; Device                             ; EP4CE6E22C8                                    ;
; Timing Models                      ; Final                                          ;
; Total logic elements               ; 155 / 6,272 ( 2 % )                            ;
;     Total combinational functions  ; 152 / 6,272 ( 2 % )                            ;
;     Dedicated logic registers      ; 50 / 6,272 ( < 1 % )                           ;
; Total registers                    ; 50                                             ;
; Total pins                         ; 15 / 92 ( 16 % )                               ;
; Total virtual pins                 ; 0                                              ;
; Total memory bits                  ; 0 / 276,480 ( 0 % )                            ;
; Embedded Multiplier 9-bit elements ; 0 / 30 ( 0 % )                                 ;
; Total PLLs                         ; 0 / 2 ( 0 % )                                  ;
+------------------------------------+------------------------------------------------+


+-----------------------------------------+
; Flow Settings                           ;
+-------------------+---------------------+
; Option            ; Setting             ;
+-------------------+---------------------+
; Start date & time ; 12/20/2023 18:26:01 ;
; Main task         ; Compilation         ;
; Revision Name     ; experiments         ;
+-------------------+---------------------+


+-----------------------------------------------------------------------------------------------------------------------------------------------------------------------+
; Flow Non-Default Global Settings                                                                                                                                      ;
+-------------------------------------+----------------------------------------+--------------------------------------+-------------+-----------------------------------+
; Assignment Name                     ; Value                                  ; Default Value                        ; Entity Name ; Section Id                        ;
+-------------------------------------+----------------------------------------+--------------------------------------+-------------+-----------------------------------+
; COMPILER_SIGNATURE_ID               ; 181390220046374.170308956144900        ; --                                   ; --          ; --                                ;
; EDA_GENERATE_FUNCTIONAL_NETLIST     ; Off                                    ; --                                   ; --          ; eda_board_design_timing           ;
; EDA_GENERATE_FUNCTIONAL_NETLIST     ; Off                                    ; --                                   ; --          ; eda_board_design_boundary_scan    ;
; EDA_GENERATE_FUNCTIONAL_NETLIST     ; Off                                    ; --                                   ; --          ; eda_board_design_signal_integrity ;
; EDA_GENERATE_FUNCTIONAL_NETLIST     ; Off                                    ; --                                   ; --          ; eda_board_design_symbol           ;
; EDA_OUTPUT_DATA_FORMAT              ; Vhdl                                   ; --                                   ; --          ; eda_simulation                    ;
; EDA_SIMULATION_TOOL                 ; Questa Intel FPGA (VHDL)               ; <None>                               ; --          ; --                                ;
; EDA_TIME_SCALE                      ; 1 ps                                   ; --                                   ; --          ; eda_simulation                    ;
; ENABLE_SIGNALTAP                    ; Off                                    ; --                                   ; --          ; --                                ;
; MAX_CORE_JUNCTION_TEMP              ; 85                                     ; --                                   ; --          ; --                                ;
; MIN_CORE_JUNCTION_TEMP              ; 0                                      ; --                                   ; --          ; --                                ;
; NOMINAL_CORE_SUPPLY_VOLTAGE         ; 1.2V                                   ; --                                   ; --          ; --                                ;
; NUM_PARALLEL_PROCESSORS             ; 6                                      ; --                                   ; --          ; --                                ;
; PARTITION_COLOR                     ; -- (Not supported for targeted family) ; --                                   ; --          ; Top                               ;
; PARTITION_FITTER_PRESERVATION_LEVEL ; -- (Not supported for targeted family) ; --                                   ; --          ; Top                               ;
; PARTITION_NETLIST_TYPE              ; -- (Not supported for targeted family) ; --                                   ; --          ; Top                               ;
; POWER_BOARD_THERMAL_MODEL           ; None (CONSERVATIVE)                    ; --                                   ; --          ; --                                ;
; POWER_PRESET_COOLING_SOLUTION       ; 23 MM HEAT SINK WITH 200 LFPM AIRFLOW  ; --                                   ; --          ; --                                ;
; PROJECT_IP_REGENERATION_POLICY      ; ALWAYS_REGENERATE_IP                   ; SKIP_REGENERATING_IP_IF_HDL_MODIFIED ; --          ; --                                ;
; PROJECT_OUTPUT_DIRECTORY            ; output_files                           ; --                                   ; --          ; --                                ;
; USE_SIGNALTAP_FILE                  ; stp1.stp                               ; --                                   ; --          ; --                                ;
+-------------------------------------+----------------------------------------+--------------------------------------+-------------+-----------------------------------+


+--------------------------------------------------------------------------------------------------------------------------+
; Flow Elapsed Time                                                                                                        ;
+----------------------+--------------+-------------------------+---------------------+------------------------------------+
; Module Name          ; Elapsed Time ; Average Processors Used ; Peak Virtual Memory ; Total CPU Time (on all processors) ;
+----------------------+--------------+-------------------------+---------------------+------------------------------------+
; Analysis & Synthesis ; 00:00:08     ; 1.0                     ; 458 MB              ; 00:00:12                           ;
; Fitter               ; 00:00:03     ; 1.0                     ; 1080 MB             ; 00:00:04                           ;
; Assembler            ; 00:00:01     ; 1.0                     ; 353 MB              ; 00:00:00                           ;
; Timing Analyzer      ; 00:00:01     ; 1.0                     ; 497 MB              ; 00:00:01                           ;
; EDA Netlist Writer   ; 00:00:00     ; 1.0                     ; 607 MB              ; 00:00:00                           ;
; Total                ; 00:00:13     ; --                      ; --                  ; 00:00:17                           ;
+----------------------+--------------+-------------------------+---------------------+------------------------------------+


+-----------------------------------------------------------------------------------------+
; Flow OS Summary                                                                         ;
+----------------------+-------------------+----------------+------------+----------------+
; Module Name          ; Machine Hostname  ; OS Name        ; OS Version ; Processor type ;
+----------------------+-------------------+----------------+------------+----------------+
; Analysis & Synthesis ; atoms-dev-machine ; Ubuntu 22.04.3 ; 22         ; x86_64         ;
; Fitter               ; atoms-dev-machine ; Ubuntu 22.04.3 ; 22         ; x86_64         ;
; Assembler            ; atoms-dev-machine ; Ubuntu 22.04.3 ; 22         ; x86_64         ;
; Timing Analyzer      ; atoms-dev-machine ; Ubuntu 22.04.3 ; 22         ; x86_64         ;
; EDA Netlist Writer   ; atoms-dev-machine ; Ubuntu 22.04.3 ; 22         ; x86_64         ;
+----------------------+-------------------+----------------+------------+----------------+


------------
; Flow Log ;
------------
quartus_map --read_settings_files=on --write_settings_files=off experiments -c experiments
quartus_fit --read_settings_files=off --write_settings_files=off experiments -c experiments
quartus_asm --read_settings_files=off --write_settings_files=off experiments -c experiments
quartus_sta experiments -c experiments
quartus_eda --read_settings_files=off --write_settings_files=off experiments -c experiments



